
 /----------------------------------------------------------------------------\
 |                                                                            |
 |  yosys -- Yosys Open SYnthesis Suite                                       |
 |                                                                            |
 |  Copyright (C) 2012 - 2019  Clifford Wolf <clifford@clifford.at>           |
 |                                                                            |
 |  Permission to use, copy, modify, and/or distribute this software for any  |
 |  purpose with or without fee is hereby granted, provided that the above    |
 |  copyright notice and this permission notice appear in all copies.         |
 |                                                                            |
 |  THE SOFTWARE IS PROVIDED "AS IS" AND THE AUTHOR DISCLAIMS ALL WARRANTIES  |
 |  WITH REGARD TO THIS SOFTWARE INCLUDING ALL IMPLIED WARRANTIES OF          |
 |  MERCHANTABILITY AND FITNESS. IN NO EVENT SHALL THE AUTHOR BE LIABLE FOR   |
 |  ANY SPECIAL, DIRECT, INDIRECT, OR CONSEQUENTIAL DAMAGES OR ANY DAMAGES    |
 |  WHATSOEVER RESULTING FROM LOSS OF USE, DATA OR PROFITS, WHETHER IN AN     |
 |  ACTION OF CONTRACT, NEGLIGENCE OR OTHER TORTIOUS ACTION, ARISING OUT OF   |
 |  OR IN CONNECTION WITH THE USE OR PERFORMANCE OF THIS SOFTWARE.            |
 |                                                                            |
 \----------------------------------------------------------------------------/

 Yosys 0.9 (git sha1 1979e0b)

[TCL: yosys -import] Command name collision: found pre-existing command `cd' -> skip.
[TCL: yosys -import] Command name collision: found pre-existing command `eval' -> skip.
[TCL: yosys -import] Command name collision: found pre-existing command `read' -> skip.
[TCL: yosys -import] Command name collision: found pre-existing command `trace' -> skip.

1. Executing Verilog-2005 frontend: /home/grads/m/matthewdelorenzo/research/output_files/3861146_adder_32/3861146_adder_32.v
Parsing SystemVerilog input from `/home/grads/m/matthewdelorenzo/research/output_files/3861146_adder_32/3861146_adder_32.v' to AST representation.
Storing AST representation for module `$abstract\adder_32'.
Successfully finished Verilog frontend.

2. Executing Liberty frontend.
Imported 135 cell types from liberty file.

3. Executing SYNTH pass.

3.1. Executing HIERARCHY pass (managing design hierarchy).

3.2. Executing AST frontend in derive mode using pre-parsed AST for module `\adder_32'.
Generating RTLIL representation for module `\adder_32'.

3.2.1. Analyzing design hierarchy..
Top module:  \adder_32

3.2.2. Analyzing design hierarchy..
Top module:  \adder_32
Removing unused module `$abstract\adder_32'.
Removed 1 unused modules.

3.3. Executing PROC pass (convert processes to netlists).

3.3.1. Executing PROC_CLEAN pass (remove empty switches from decision trees).
Cleaned up 0 empty switches.

3.3.2. Executing PROC_RMDEAD pass (remove dead branches from decision trees).
Removed a total of 0 dead cases.

3.3.3. Executing PROC_INIT pass (extract init attributes).

3.3.4. Executing PROC_ARST pass (detect async resets in processes).

3.3.5. Executing PROC_MUX pass (convert decision trees to multiplexers).

3.3.6. Executing PROC_DLATCH pass (convert process syncs to latches).

3.3.7. Executing PROC_DFF pass (convert process syncs to FFs).

3.3.8. Executing PROC_CLEAN pass (remove empty switches from decision trees).
Cleaned up 0 empty switches.

3.4. Executing FLATTEN pass (flatten design).
No more expansions possible.

3.5. Executing OPT_EXPR pass (perform const folding).
Optimizing module adder_32.

3.6. Executing OPT_CLEAN pass (remove unused cells and wires).
Finding unused cells or wires in module \adder_32..
Removed 0 unused cells and 1 unused wires.
<suppressed ~1 debug messages>

3.7. Executing CHECK pass (checking for obvious problems).
checking module adder_32..
found and reported 0 problems.

3.8. Executing OPT pass (performing simple optimizations).

3.8.1. Executing OPT_EXPR pass (perform const folding).
Optimizing module adder_32.

3.8.2. Executing OPT_MERGE pass (detect identical cells).
Finding identical cells in module `\adder_32'.
Removed a total of 0 cells.

3.8.3. Executing OPT_MUXTREE pass (detect dead branches in mux trees).
Running muxtree optimizer on module \adder_32..
  Creating internal representation of mux trees.
  No muxes found in this module.
Removed 0 multiplexer ports.

3.8.4. Executing OPT_REDUCE pass (consolidate $*mux and $reduce_* inputs).
  Optimizing cells in module \adder_32.
Performed a total of 0 changes.

3.8.5. Executing OPT_MERGE pass (detect identical cells).
Finding identical cells in module `\adder_32'.
Removed a total of 0 cells.

3.8.6. Executing OPT_RMDFF pass (remove dff with constant values).

3.8.7. Executing OPT_CLEAN pass (remove unused cells and wires).
Finding unused cells or wires in module \adder_32..

3.8.8. Executing OPT_EXPR pass (perform const folding).
Optimizing module adder_32.

3.8.9. Finished OPT passes. (There is nothing left to do.)

3.9. Executing WREDUCE pass (reducing word size of cells).

3.10. Executing PEEPOPT pass (run peephole optimizers).

3.11. Executing OPT_CLEAN pass (remove unused cells and wires).
Finding unused cells or wires in module \adder_32..

3.12. Executing TECHMAP pass (map to technology primitives).

3.12.1. Executing Verilog-2005 frontend: /usr/bin/../share/yosys/cmp2lut.v
Parsing Verilog input from `/usr/bin/../share/yosys/cmp2lut.v' to AST representation.
Generating RTLIL representation for module `\_90_lut_cmp_'.
Successfully finished Verilog frontend.

3.12.2. Continuing TECHMAP pass.
No more expansions possible.

3.13. Executing ALUMACC pass (create $alu and $macc cells).
Extracting $alu and $macc cells in module adder_32:
  creating $macc model for $add$/home/grads/m/matthewdelorenzo/research/output_files/3861146_adder_32/3861146_adder_32.v:6$1 ($add).
  creating $macc model for $add$/home/grads/m/matthewdelorenzo/research/output_files/3861146_adder_32/3861146_adder_32.v:6$2 ($add).
  merging $macc model for $add$/home/grads/m/matthewdelorenzo/research/output_files/3861146_adder_32/3861146_adder_32.v:6$1 into $add$/home/grads/m/matthewdelorenzo/research/output_files/3861146_adder_32/3861146_adder_32.v:6$2.
  creating $alu model for $macc $add$/home/grads/m/matthewdelorenzo/research/output_files/3861146_adder_32/3861146_adder_32.v:6$2.
  creating $alu cell for $add$/home/grads/m/matthewdelorenzo/research/output_files/3861146_adder_32/3861146_adder_32.v:6$2: $auto$alumacc.cc:474:replace_alu$3
  created 1 $alu and 0 $macc cells.

3.14. Executing SHARE pass (SAT-based resource sharing).

3.15. Executing OPT pass (performing simple optimizations).

3.15.1. Executing OPT_EXPR pass (perform const folding).
Optimizing module adder_32.

3.15.2. Executing OPT_MERGE pass (detect identical cells).
Finding identical cells in module `\adder_32'.
Removed a total of 0 cells.

3.15.3. Executing OPT_MUXTREE pass (detect dead branches in mux trees).
Running muxtree optimizer on module \adder_32..
  Creating internal representation of mux trees.
  No muxes found in this module.
Removed 0 multiplexer ports.

3.15.4. Executing OPT_REDUCE pass (consolidate $*mux and $reduce_* inputs).
  Optimizing cells in module \adder_32.
Performed a total of 0 changes.

3.15.5. Executing OPT_MERGE pass (detect identical cells).
Finding identical cells in module `\adder_32'.
Removed a total of 0 cells.

3.15.6. Executing OPT_RMDFF pass (remove dff with constant values).

3.15.7. Executing OPT_CLEAN pass (remove unused cells and wires).
Finding unused cells or wires in module \adder_32..
Removed 1 unused cells and 1 unused wires.
<suppressed ~2 debug messages>

3.15.8. Executing OPT_EXPR pass (perform const folding).
Optimizing module adder_32.

3.15.9. Rerunning OPT passes. (Maybe there is more to do..)

3.15.10. Executing OPT_MUXTREE pass (detect dead branches in mux trees).
Running muxtree optimizer on module \adder_32..
  Creating internal representation of mux trees.
  No muxes found in this module.
Removed 0 multiplexer ports.

3.15.11. Executing OPT_REDUCE pass (consolidate $*mux and $reduce_* inputs).
  Optimizing cells in module \adder_32.
Performed a total of 0 changes.

3.15.12. Executing OPT_MERGE pass (detect identical cells).
Finding identical cells in module `\adder_32'.
Removed a total of 0 cells.

3.15.13. Executing OPT_RMDFF pass (remove dff with constant values).

3.15.14. Executing OPT_CLEAN pass (remove unused cells and wires).
Finding unused cells or wires in module \adder_32..

3.15.15. Executing OPT_EXPR pass (perform const folding).
Optimizing module adder_32.

3.15.16. Finished OPT passes. (There is nothing left to do.)

3.16. Executing FSM pass (extract and optimize FSM).

3.16.1. Executing FSM_DETECT pass (finding FSMs in design).

3.16.2. Executing FSM_EXTRACT pass (extracting FSM from design).

3.16.3. Executing FSM_OPT pass (simple optimizations of FSMs).

3.16.4. Executing OPT_CLEAN pass (remove unused cells and wires).
Finding unused cells or wires in module \adder_32..

3.16.5. Executing FSM_OPT pass (simple optimizations of FSMs).

3.16.6. Executing FSM_RECODE pass (re-assigning FSM state encoding).

3.16.7. Executing FSM_INFO pass (dumping all available information on FSM cells).

3.16.8. Executing FSM_MAP pass (mapping FSMs to basic logic).

3.17. Executing OPT pass (performing simple optimizations).

3.17.1. Executing OPT_EXPR pass (perform const folding).
Optimizing module adder_32.

3.17.2. Executing OPT_MERGE pass (detect identical cells).
Finding identical cells in module `\adder_32'.
Removed a total of 0 cells.

3.17.3. Executing OPT_RMDFF pass (remove dff with constant values).

3.17.4. Executing OPT_CLEAN pass (remove unused cells and wires).
Finding unused cells or wires in module \adder_32..

3.17.5. Finished fast OPT passes.

3.18. Executing MEMORY pass.

3.18.1. Executing MEMORY_DFF pass (merging $dff cells to $memrd and $memwr).

3.18.2. Executing OPT_CLEAN pass (remove unused cells and wires).
Finding unused cells or wires in module \adder_32..

3.18.3. Executing MEMORY_SHARE pass (consolidating $memrd/$memwr cells).

3.18.4. Executing OPT_CLEAN pass (remove unused cells and wires).
Finding unused cells or wires in module \adder_32..

3.18.5. Executing MEMORY_COLLECT pass (generating $mem cells).

3.19. Executing OPT_CLEAN pass (remove unused cells and wires).
Finding unused cells or wires in module \adder_32..

3.20. Executing OPT pass (performing simple optimizations).

3.20.1. Executing OPT_EXPR pass (perform const folding).
Optimizing module adder_32.

3.20.2. Executing OPT_MERGE pass (detect identical cells).
Finding identical cells in module `\adder_32'.
Removed a total of 0 cells.

3.20.3. Executing OPT_RMDFF pass (remove dff with constant values).

3.20.4. Executing OPT_CLEAN pass (remove unused cells and wires).
Finding unused cells or wires in module \adder_32..

3.20.5. Finished fast OPT passes.

3.21. Executing MEMORY_MAP pass (converting $mem cells to logic and flip-flops).

3.22. Executing OPT pass (performing simple optimizations).

3.22.1. Executing OPT_EXPR pass (perform const folding).
Optimizing module adder_32.

3.22.2. Executing OPT_MERGE pass (detect identical cells).
Finding identical cells in module `\adder_32'.
Removed a total of 0 cells.

3.22.3. Executing OPT_MUXTREE pass (detect dead branches in mux trees).
Running muxtree optimizer on module \adder_32..
  Creating internal representation of mux trees.
  No muxes found in this module.
Removed 0 multiplexer ports.

3.22.4. Executing OPT_REDUCE pass (consolidate $*mux and $reduce_* inputs).
  Optimizing cells in module \adder_32.
Performed a total of 0 changes.

3.22.5. Executing OPT_MERGE pass (detect identical cells).
Finding identical cells in module `\adder_32'.
Removed a total of 0 cells.

3.22.6. Executing OPT_RMDFF pass (remove dff with constant values).

3.22.7. Executing OPT_CLEAN pass (remove unused cells and wires).
Finding unused cells or wires in module \adder_32..

3.22.8. Executing OPT_EXPR pass (perform const folding).
Optimizing module adder_32.

3.22.9. Finished OPT passes. (There is nothing left to do.)

3.23. Executing TECHMAP pass (map to technology primitives).

3.23.1. Executing Verilog-2005 frontend: <techmap.v>
Parsing Verilog input from `<techmap.v>' to AST representation.
Generating RTLIL representation for module `\_90_simplemap_bool_ops'.
Generating RTLIL representation for module `\_90_simplemap_reduce_ops'.
Generating RTLIL representation for module `\_90_simplemap_logic_ops'.
Generating RTLIL representation for module `\_90_simplemap_compare_ops'.
Generating RTLIL representation for module `\_90_simplemap_various'.
Generating RTLIL representation for module `\_90_simplemap_registers'.
Generating RTLIL representation for module `\_90_shift_ops_shr_shl_sshl_sshr'.
Generating RTLIL representation for module `\_90_shift_shiftx'.
Generating RTLIL representation for module `\_90_fa'.
Generating RTLIL representation for module `\_90_lcu'.
Generating RTLIL representation for module `\_90_alu'.
Generating RTLIL representation for module `\_90_macc'.
Generating RTLIL representation for module `\_90_alumacc'.
Generating RTLIL representation for module `\$__div_mod_u'.
Generating RTLIL representation for module `\$__div_mod'.
Generating RTLIL representation for module `\_90_div'.
Generating RTLIL representation for module `\_90_mod'.
Generating RTLIL representation for module `\_90_pow'.
Generating RTLIL representation for module `\_90_pmux'.
Generating RTLIL representation for module `\_90_lut'.
Successfully finished Verilog frontend.

3.23.2. Continuing TECHMAP pass.
Using template $paramod\_90_alu\A_SIGNED=0\B_SIGNED=0\A_WIDTH=32\B_WIDTH=32\Y_WIDTH=33 for cells of type $alu.
Using extmapper simplemap for cells of type $and.
Using extmapper simplemap for cells of type $xor.
Using template $paramod\_90_lcu\WIDTH=33 for cells of type $lcu.
Using extmapper simplemap for cells of type $mux.
Using extmapper simplemap for cells of type $not.
Using extmapper simplemap for cells of type $pos.
Using extmapper simplemap for cells of type $or.
No more expansions possible.
<suppressed ~352 debug messages>

3.24. Executing OPT pass (performing simple optimizations).

3.24.1. Executing OPT_EXPR pass (perform const folding).
Optimizing module adder_32.
<suppressed ~40 debug messages>

3.24.2. Executing OPT_MERGE pass (detect identical cells).
Finding identical cells in module `\adder_32'.
Removed a total of 0 cells.

3.24.3. Executing OPT_RMDFF pass (remove dff with constant values).

3.24.4. Executing OPT_CLEAN pass (remove unused cells and wires).
Finding unused cells or wires in module \adder_32..
Removed 32 unused cells and 24 unused wires.
<suppressed ~33 debug messages>

3.24.5. Finished fast OPT passes.

3.25. Executing ABC pass (technology mapping using ABC).

3.25.1. Extracting gate netlist of module `\adder_32' to `<abc-temp-dir>/input.blif'..
Extracted 238 gates and 303 wires to a netlist network with 65 inputs and 33 outputs.

3.25.1.1. Executing ABC.
Running ABC command: berkeley-abc -s -f <abc-temp-dir>/abc.script 2>&1
ABC: ABC command line: "source <abc-temp-dir>/abc.script".
ABC: 
ABC: + read_blif <abc-temp-dir>/input.blif 
ABC: + read_library <abc-temp-dir>/stdcells.genlib 
ABC: Entered genlib library with 17 gates from file "<abc-temp-dir>/stdcells.genlib".
ABC: + strash 
ABC: + dretime 
ABC: + retime 
ABC: + map 
ABC: + write_blif <abc-temp-dir>/output.blif 

3.25.1.2. Re-integrating ABC results.
ABC RESULTS:               AND cells:       18
ABC RESULTS:            ANDNOT cells:       34
ABC RESULTS:              AOI3 cells:       17
ABC RESULTS:              NAND cells:       18
ABC RESULTS:               NOR cells:        8
ABC RESULTS:               NOT cells:       16
ABC RESULTS:              OAI3 cells:       17
ABC RESULTS:                OR cells:       21
ABC RESULTS:             ORNOT cells:        8
ABC RESULTS:              XNOR cells:       29
ABC RESULTS:               XOR cells:       35
ABC RESULTS:        internal signals:      205
ABC RESULTS:           input signals:       65
ABC RESULTS:          output signals:       33
Removing temp directory.

3.26. Executing OPT pass (performing simple optimizations).

3.26.1. Executing OPT_EXPR pass (perform const folding).
Optimizing module adder_32.

3.26.2. Executing OPT_MERGE pass (detect identical cells).
Finding identical cells in module `\adder_32'.
Removed a total of 0 cells.

3.26.3. Executing OPT_RMDFF pass (remove dff with constant values).

3.26.4. Executing OPT_CLEAN pass (remove unused cells and wires).
Finding unused cells or wires in module \adder_32..
Removed 0 unused cells and 212 unused wires.
<suppressed ~1 debug messages>

3.26.5. Finished fast OPT passes.

3.27. Executing HIERARCHY pass (managing design hierarchy).

3.27.1. Analyzing design hierarchy..
Top module:  \adder_32

3.27.2. Analyzing design hierarchy..
Top module:  \adder_32
Removed 0 unused modules.

3.28. Printing statistics.

=== adder_32 ===

   Number of wires:                193
   Number of wire bits:            286
   Number of public wires:           5
   Number of public wire bits:      98
   Number of memories:               0
   Number of memory bits:            0
   Number of processes:              0
   Number of cells:                221
     $_ANDNOT_                      34
     $_AND_                         18
     $_AOI3_                        17
     $_NAND_                        18
     $_NOR_                          8
     $_NOT_                         16
     $_OAI3_                        17
     $_ORNOT_                        8
     $_OR_                          21
     $_XNOR_                        29
     $_XOR_                         35

3.29. Executing CHECK pass (checking for obvious problems).
checking module adder_32..
found and reported 0 problems.

4. Executing OPT pass (performing simple optimizations).

4.1. Executing OPT_EXPR pass (perform const folding).
Optimizing module adder_32.

4.2. Executing OPT_MERGE pass (detect identical cells).
Finding identical cells in module `\adder_32'.
Removed a total of 0 cells.

4.3. Executing OPT_MUXTREE pass (detect dead branches in mux trees).
Running muxtree optimizer on module \adder_32..
  Creating internal representation of mux trees.
  No muxes found in this module.
Removed 0 multiplexer ports.

4.4. Executing OPT_REDUCE pass (consolidate $*mux and $reduce_* inputs).
  Optimizing cells in module \adder_32.
Performed a total of 0 changes.

4.5. Executing OPT_MERGE pass (detect identical cells).
Finding identical cells in module `\adder_32'.
Removed a total of 0 cells.

4.6. Executing OPT_RMDFF pass (remove dff with constant values).

4.7. Executing OPT_CLEAN pass (remove unused cells and wires).
Finding unused cells or wires in module \adder_32..

4.8. Executing OPT_EXPR pass (perform const folding).
Optimizing module adder_32.

4.9. Finished OPT passes. (There is nothing left to do.)

5. Executing DFFLIBMAP pass (mapping DFF cells to sequential cells from liberty file).
Warning: Found unsupported expression 'SE*SI+D*!SE' in pin attribute of cell 'SDFFRS_X1' - skipping.
Warning: Found unsupported expression 'SE*SI+D*!SE' in pin attribute of cell 'SDFFRS_X2' - skipping.
Warning: Found unsupported expression 'SE*SI+D*!SE' in pin attribute of cell 'SDFFR_X1' - skipping.
Warning: Found unsupported expression 'SE*SI+D*!SE' in pin attribute of cell 'SDFFR_X2' - skipping.
Warning: Found unsupported expression 'SE*SI+D*!SE' in pin attribute of cell 'SDFFS_X1' - skipping.
Warning: Found unsupported expression 'SE*SI+D*!SE' in pin attribute of cell 'SDFFS_X2' - skipping.
Warning: Found unsupported expression 'SE*SI+D*!SE' in pin attribute of cell 'SDFF_X1' - skipping.
Warning: Found unsupported expression 'SE*SI+D*!SE' in pin attribute of cell 'SDFF_X2' - skipping.
  cell DFF_X1 (noninv, pins=4, area=4.52) is a direct match for cell type $_DFF_P_.
Warning: Found unsupported expression 'SE*SI+D*!SE' in pin attribute of cell 'SDFFRS_X1' - skipping.
Warning: Found unsupported expression 'SE*SI+D*!SE' in pin attribute of cell 'SDFFRS_X2' - skipping.
Warning: Found unsupported expression 'SE*SI+D*!SE' in pin attribute of cell 'SDFFR_X1' - skipping.
Warning: Found unsupported expression 'SE*SI+D*!SE' in pin attribute of cell 'SDFFR_X2' - skipping.
Warning: Found unsupported expression 'SE*SI+D*!SE' in pin attribute of cell 'SDFFS_X1' - skipping.
Warning: Found unsupported expression 'SE*SI+D*!SE' in pin attribute of cell 'SDFFS_X2' - skipping.
Warning: Found unsupported expression 'SE*SI+D*!SE' in pin attribute of cell 'SDFF_X1' - skipping.
Warning: Found unsupported expression 'SE*SI+D*!SE' in pin attribute of cell 'SDFF_X2' - skipping.
  cell DFFR_X1 (noninv, pins=5, area=5.32) is a direct match for cell type $_DFF_PN0_.
Warning: Found unsupported expression 'SE*SI+D*!SE' in pin attribute of cell 'SDFFRS_X1' - skipping.
Warning: Found unsupported expression 'SE*SI+D*!SE' in pin attribute of cell 'SDFFRS_X2' - skipping.
Warning: Found unsupported expression 'SE*SI+D*!SE' in pin attribute of cell 'SDFFR_X1' - skipping.
Warning: Found unsupported expression 'SE*SI+D*!SE' in pin attribute of cell 'SDFFR_X2' - skipping.
Warning: Found unsupported expression 'SE*SI+D*!SE' in pin attribute of cell 'SDFFS_X1' - skipping.
Warning: Found unsupported expression 'SE*SI+D*!SE' in pin attribute of cell 'SDFFS_X2' - skipping.
Warning: Found unsupported expression 'SE*SI+D*!SE' in pin attribute of cell 'SDFF_X1' - skipping.
Warning: Found unsupported expression 'SE*SI+D*!SE' in pin attribute of cell 'SDFF_X2' - skipping.
  cell DFFS_X1 (noninv, pins=5, area=5.32) is a direct match for cell type $_DFF_PN1_.
Warning: Found unsupported expression 'SE*SI+D*!SE' in pin attribute of cell 'SDFFRS_X1' - skipping.
Warning: Found unsupported expression 'SE*SI+D*!SE' in pin attribute of cell 'SDFFRS_X2' - skipping.
Warning: Found unsupported expression 'SE*SI+D*!SE' in pin attribute of cell 'SDFFR_X1' - skipping.
Warning: Found unsupported expression 'SE*SI+D*!SE' in pin attribute of cell 'SDFFR_X2' - skipping.
Warning: Found unsupported expression 'SE*SI+D*!SE' in pin attribute of cell 'SDFFS_X1' - skipping.
Warning: Found unsupported expression 'SE*SI+D*!SE' in pin attribute of cell 'SDFFS_X2' - skipping.
Warning: Found unsupported expression 'SE*SI+D*!SE' in pin attribute of cell 'SDFF_X1' - skipping.
Warning: Found unsupported expression 'SE*SI+D*!SE' in pin attribute of cell 'SDFF_X2' - skipping.
Warning: Found unsupported expression 'SE*SI+D*!SE' in pin attribute of cell 'SDFFRS_X1' - skipping.
Warning: Found unsupported expression 'SE*SI+D*!SE' in pin attribute of cell 'SDFFRS_X2' - skipping.
Warning: Found unsupported expression 'SE*SI+D*!SE' in pin attribute of cell 'SDFFR_X1' - skipping.
Warning: Found unsupported expression 'SE*SI+D*!SE' in pin attribute of cell 'SDFFR_X2' - skipping.
Warning: Found unsupported expression 'SE*SI+D*!SE' in pin attribute of cell 'SDFFS_X1' - skipping.
Warning: Found unsupported expression 'SE*SI+D*!SE' in pin attribute of cell 'SDFFS_X2' - skipping.
Warning: Found unsupported expression 'SE*SI+D*!SE' in pin attribute of cell 'SDFF_X1' - skipping.
Warning: Found unsupported expression 'SE*SI+D*!SE' in pin attribute of cell 'SDFF_X2' - skipping.
Warning: Found unsupported expression 'SE*SI+D*!SE' in pin attribute of cell 'SDFFRS_X1' - skipping.
Warning: Found unsupported expression 'SE*SI+D*!SE' in pin attribute of cell 'SDFFRS_X2' - skipping.
Warning: Found unsupported expression 'SE*SI+D*!SE' in pin attribute of cell 'SDFFR_X1' - skipping.
Warning: Found unsupported expression 'SE*SI+D*!SE' in pin attribute of cell 'SDFFR_X2' - skipping.
Warning: Found unsupported expression 'SE*SI+D*!SE' in pin attribute of cell 'SDFFS_X1' - skipping.
Warning: Found unsupported expression 'SE*SI+D*!SE' in pin attribute of cell 'SDFFS_X2' - skipping.
Warning: Found unsupported expression 'SE*SI+D*!SE' in pin attribute of cell 'SDFF_X1' - skipping.
Warning: Found unsupported expression 'SE*SI+D*!SE' in pin attribute of cell 'SDFF_X2' - skipping.
  cell DFFRS_X1 (noninv, pins=6, area=6.38) is a direct match for cell type $_DFFSR_PNN_.
Warning: Found unsupported expression 'SE*SI+D*!SE' in pin attribute of cell 'SDFFRS_X1' - skipping.
Warning: Found unsupported expression 'SE*SI+D*!SE' in pin attribute of cell 'SDFFRS_X2' - skipping.
Warning: Found unsupported expression 'SE*SI+D*!SE' in pin attribute of cell 'SDFFR_X1' - skipping.
Warning: Found unsupported expression 'SE*SI+D*!SE' in pin attribute of cell 'SDFFR_X2' - skipping.
Warning: Found unsupported expression 'SE*SI+D*!SE' in pin attribute of cell 'SDFFS_X1' - skipping.
Warning: Found unsupported expression 'SE*SI+D*!SE' in pin attribute of cell 'SDFFS_X2' - skipping.
Warning: Found unsupported expression 'SE*SI+D*!SE' in pin attribute of cell 'SDFF_X1' - skipping.
Warning: Found unsupported expression 'SE*SI+D*!SE' in pin attribute of cell 'SDFF_X2' - skipping.
Warning: Found unsupported expression 'SE*SI+D*!SE' in pin attribute of cell 'SDFFRS_X1' - skipping.
Warning: Found unsupported expression 'SE*SI+D*!SE' in pin attribute of cell 'SDFFRS_X2' - skipping.
Warning: Found unsupported expression 'SE*SI+D*!SE' in pin attribute of cell 'SDFFR_X1' - skipping.
Warning: Found unsupported expression 'SE*SI+D*!SE' in pin attribute of cell 'SDFFR_X2' - skipping.
Warning: Found unsupported expression 'SE*SI+D*!SE' in pin attribute of cell 'SDFFS_X1' - skipping.
Warning: Found unsupported expression 'SE*SI+D*!SE' in pin attribute of cell 'SDFFS_X2' - skipping.
Warning: Found unsupported expression 'SE*SI+D*!SE' in pin attribute of cell 'SDFF_X1' - skipping.
Warning: Found unsupported expression 'SE*SI+D*!SE' in pin attribute of cell 'SDFF_X2' - skipping.
Warning: Found unsupported expression 'SE*SI+D*!SE' in pin attribute of cell 'SDFFRS_X1' - skipping.
Warning: Found unsupported expression 'SE*SI+D*!SE' in pin attribute of cell 'SDFFRS_X2' - skipping.
Warning: Found unsupported expression 'SE*SI+D*!SE' in pin attribute of cell 'SDFFR_X1' - skipping.
Warning: Found unsupported expression 'SE*SI+D*!SE' in pin attribute of cell 'SDFFR_X2' - skipping.
Warning: Found unsupported expression 'SE*SI+D*!SE' in pin attribute of cell 'SDFFS_X1' - skipping.
Warning: Found unsupported expression 'SE*SI+D*!SE' in pin attribute of cell 'SDFFS_X2' - skipping.
Warning: Found unsupported expression 'SE*SI+D*!SE' in pin attribute of cell 'SDFF_X1' - skipping.
Warning: Found unsupported expression 'SE*SI+D*!SE' in pin attribute of cell 'SDFF_X2' - skipping.
  create mapping for $_DFF_PP0_ from mapping for $_DFF_PN0_.
  create mapping for $_DFF_PP1_ from mapping for $_DFF_PN1_.
  create mapping for $_DFFSR_PPN_ from mapping for $_DFFSR_PNN_.
  create mapping for $_DFFSR_PNP_ from mapping for $_DFFSR_PNN_.
  create mapping for $_DFFSR_PPP_ from mapping for $_DFFSR_PNP_.
  create mapping for $_DFF_N_ from mapping for $_DFF_P_.
  create mapping for $_DFF_NN0_ from mapping for $_DFF_PN0_.
  create mapping for $_DFF_NP0_ from mapping for $_DFF_NN0_.
  create mapping for $_DFF_NN1_ from mapping for $_DFF_NN0_.
  create mapping for $_DFF_NP1_ from mapping for $_DFF_NN1_.
  create mapping for $_DFFSR_NNN_ from mapping for $_DFFSR_PNN_.
  create mapping for $_DFFSR_NPN_ from mapping for $_DFFSR_NNN_.
  create mapping for $_DFFSR_NNP_ from mapping for $_DFFSR_NNN_.
  create mapping for $_DFFSR_NPP_ from mapping for $_DFFSR_NNP_.
  final dff cell mappings:
    DFF_X1 _DFF_N_ (.CK(~C), .D( D), .Q( Q), .QN(~Q));
    DFF_X1 _DFF_P_ (.CK( C), .D( D), .Q( Q), .QN(~Q));
    DFFR_X1 _DFF_NN0_ (.CK(~C), .D( D), .Q( Q), .QN(~Q), .RN( R));
    DFFR_X1 _DFF_NN1_ (.CK(~C), .D(~D), .Q(~Q), .QN( Q), .RN( R));
    DFFR_X1 _DFF_NP0_ (.CK(~C), .D( D), .Q( Q), .QN(~Q), .RN(~R));
    DFFR_X1 _DFF_NP1_ (.CK(~C), .D(~D), .Q(~Q), .QN( Q), .RN(~R));
    DFFR_X1 _DFF_PN0_ (.CK( C), .D( D), .Q( Q), .QN(~Q), .RN( R));
    DFFS_X1 _DFF_PN1_ (.CK( C), .D( D), .Q( Q), .QN(~Q), .SN( R));
    DFFR_X1 _DFF_PP0_ (.CK( C), .D( D), .Q( Q), .QN(~Q), .RN(~R));
    DFFS_X1 _DFF_PP1_ (.CK( C), .D( D), .Q( Q), .QN(~Q), .SN(~R));
    DFFRS_X1 _DFFSR_NNN_ (.CK(~C), .D( D), .Q( Q), .QN(~Q), .RN( R), .SN( S));
    DFFRS_X1 _DFFSR_NNP_ (.CK(~C), .D( D), .Q( Q), .QN(~Q), .RN(~R), .SN( S));
    DFFRS_X1 _DFFSR_NPN_ (.CK(~C), .D( D), .Q( Q), .QN(~Q), .RN( R), .SN(~S));
    DFFRS_X1 _DFFSR_NPP_ (.CK(~C), .D( D), .Q( Q), .QN(~Q), .RN(~R), .SN(~S));
    DFFRS_X1 _DFFSR_PNN_ (.CK( C), .D( D), .Q( Q), .QN(~Q), .RN( R), .SN( S));
    DFFRS_X1 _DFFSR_PNP_ (.CK( C), .D( D), .Q( Q), .QN(~Q), .RN(~R), .SN( S));
    DFFRS_X1 _DFFSR_PPN_ (.CK( C), .D( D), .Q( Q), .QN(~Q), .RN( R), .SN(~S));
    DFFRS_X1 _DFFSR_PPP_ (.CK( C), .D( D), .Q( Q), .QN(~Q), .RN(~R), .SN(~S));
Mapping DFF cells in module `\adder_32':

6. Executing OPT pass (performing simple optimizations).

6.1. Executing OPT_EXPR pass (perform const folding).
Optimizing module adder_32.

6.2. Executing OPT_MERGE pass (detect identical cells).
Finding identical cells in module `\adder_32'.
Removed a total of 0 cells.

6.3. Executing OPT_MUXTREE pass (detect dead branches in mux trees).
Running muxtree optimizer on module \adder_32..
  Creating internal representation of mux trees.
  No muxes found in this module.
Removed 0 multiplexer ports.

6.4. Executing OPT_REDUCE pass (consolidate $*mux and $reduce_* inputs).
  Optimizing cells in module \adder_32.
Performed a total of 0 changes.

6.5. Executing OPT_MERGE pass (detect identical cells).
Finding identical cells in module `\adder_32'.
Removed a total of 0 cells.

6.6. Executing OPT_RMDFF pass (remove dff with constant values).

6.7. Executing OPT_CLEAN pass (remove unused cells and wires).
Finding unused cells or wires in module \adder_32..

6.8. Executing OPT_EXPR pass (perform const folding).
Optimizing module adder_32.

6.9. Finished OPT passes. (There is nothing left to do.)
Using ABC ADP script.
[WARN][FLOW] No clock period constraints detected in design

7. Executing ABC pass (technology mapping using ABC).

7.1. Extracting gate netlist of module `\adder_32' to `<abc-temp-dir>/input.blif'..
Extracted 221 gates and 286 wires to a netlist network with 65 inputs and 33 outputs.

7.1.1. Executing ABC.
Running ABC command: berkeley-abc -s -f <abc-temp-dir>/abc.script 2>&1
ABC: ABC command line: "source <abc-temp-dir>/abc.script".
ABC: 
ABC: + read_blif <abc-temp-dir>/input.blif 
ABC: + read_lib -w /home/grads/m/matthewdelorenzo/research/scripts/NangateOpenCellLibrary_typical.lib 
ABC: Parsing finished successfully.  Parsing time =     0.04 sec
ABC: Scl_LibertyReadGenlib() skipped cell "ANTENNA_X1" due to dont_use attribute.
ABC: Scl_LibertyReadGenlib() skipped cell "CLKGATETST_X1" without logic function.
ABC: Scl_LibertyReadGenlib() skipped cell "CLKGATETST_X2" without logic function.
ABC: Scl_LibertyReadGenlib() skipped cell "CLKGATETST_X4" without logic function.
ABC: Scl_LibertyReadGenlib() skipped cell "CLKGATETST_X8" without logic function.
ABC: Scl_LibertyReadGenlib() skipped cell "CLKGATE_X1" without logic function.
ABC: Scl_LibertyReadGenlib() skipped cell "CLKGATE_X2" without logic function.
ABC: Scl_LibertyReadGenlib() skipped cell "CLKGATE_X4" without logic function.
ABC: Scl_LibertyReadGenlib() skipped cell "CLKGATE_X8" without logic function.
ABC: Scl_LibertyReadGenlib() skipped sequential cell "DFFRS_X1".
ABC: Scl_LibertyReadGenlib() skipped sequential cell "DFFRS_X2".
ABC: Scl_LibertyReadGenlib() skipped sequential cell "DFFR_X1".
ABC: Scl_LibertyReadGenlib() skipped sequential cell "DFFR_X2".
ABC: Scl_LibertyReadGenlib() skipped sequential cell "DFFS_X1".
ABC: Scl_LibertyReadGenlib() skipped sequential cell "DFFS_X2".
ABC: Scl_LibertyReadGenlib() skipped sequential cell "DFF_X1".
ABC: Scl_LibertyReadGenlib() skipped sequential cell "DFF_X2".
ABC: Scl_LibertyReadGenlib() skipped sequential cell "DLH_X1".
ABC: Scl_LibertyReadGenlib() skipped sequential cell "DLH_X2".
ABC: Scl_LibertyReadGenlib() skipped sequential cell "DLL_X1".
ABC: Scl_LibertyReadGenlib() skipped sequential cell "DLL_X2".
ABC: Scl_LibertyReadGenlib() skipped cell "FILLCELL_X1" due to dont_use attribute.
ABC: Scl_LibertyReadGenlib() skipped cell "TAPCELL_X1" due to dont_use attribute.
ABC: Scl_LibertyReadGenlib() skipped cell "FILLCELL_X2" due to dont_use attribute.
ABC: Scl_LibertyReadGenlib() skipped cell "FILLCELL_X4" due to dont_use attribute.
ABC: Scl_LibertyReadGenlib() skipped cell "FILLCELL_X8" due to dont_use attribute.
ABC: Scl_LibertyReadGenlib() skipped cell "FILLCELL_X16" due to dont_use attribute.
ABC: Scl_LibertyReadGenlib() skipped cell "FILLCELL_X32" due to dont_use attribute.
ABC: Scl_LibertyReadGenlib() skipped cell "LOGIC0_X1" due to dont_use attribute.
ABC: Scl_LibertyReadGenlib() skipped cell "LOGIC1_X1" due to dont_use attribute.
ABC: Scl_LibertyReadGenlib() skipped sequential cell "SDFFRS_X1".
ABC: Scl_LibertyReadGenlib() skipped sequential cell "SDFFRS_X2".
ABC: Scl_LibertyReadGenlib() skipped sequential cell "SDFFR_X1".
ABC: Scl_LibertyReadGenlib() skipped sequential cell "SDFFR_X2".
ABC: Scl_LibertyReadGenlib() skipped sequential cell "SDFFS_X1".
ABC: Scl_LibertyReadGenlib() skipped sequential cell "SDFFS_X2".
ABC: Scl_LibertyReadGenlib() skipped sequential cell "SDFF_X1".
ABC: Scl_LibertyReadGenlib() skipped sequential cell "SDFF_X2".
ABC: Scl_LibertyReadGenlib() skipped three-state cell "TBUF_X1".
ABC: Scl_LibertyReadGenlib() skipped three-state cell "TBUF_X2".
ABC: Scl_LibertyReadGenlib() skipped three-state cell "TBUF_X4".
ABC: Scl_LibertyReadGenlib() skipped three-state cell "TBUF_X8".
ABC: Scl_LibertyReadGenlib() skipped three-state cell "TBUF_X16".
ABC: Scl_LibertyReadGenlib() skipped three-state cell "TINV_X1".
ABC: Scl_LibertyReadGenlib() skipped sequential cell "TLAT_X1".
ABC: Library "NangateOpenCellLibrary" from "/home/grads/m/matthewdelorenzo/research/scripts/NangateOpenCellLibrary_typical.lib" has 90 cells (35 skipped: 21 seq; 6 tri-state; 8 no func; 10 dont_use).  Time =     0.06 sec
ABC: Memory =    8.88 MB. Time =     0.06 sec
ABC: Warning: Detected 2 multi-output gates (for example, "FA_X1").
ABC: + read_constr -v /home/grads/m/matthewdelorenzo/research/output_files/3861146_adder_32/abc.constr 
ABC: Setting driving cell to be "BUF_X1".
ABC: Setting output load to be 3.898000.
ABC: + source /home/grads/m/matthewdelorenzo/research/scripts/abc_adp.script 
ABC: The cell delays are multiplied by the factor: <num_fanins> ^ (0.90).
ABC: WireLoad = "5K_hvratio_1_1"  Gates =    210 ( 19.5 %)   Cap =  3.4 ff (  0.0 %)   Area =      200.56 (100.0 %)   Delay =  1228.16 ps  ( 34.3 %)               
ABC: + write_blif <abc-temp-dir>/output.blif 

7.1.2. Re-integrating ABC results.
ABC RESULTS:            INV_X1 cells:       41
ABC RESULTS:          NAND2_X1 cells:       42
ABC RESULTS:          NAND2_X2 cells:        3
ABC RESULTS:          NAND2_X4 cells:       58
ABC RESULTS:          NAND3_X1 cells:        1
ABC RESULTS:           NOR2_X1 cells:        9
ABC RESULTS:          OAI21_X2 cells:        1
ABC RESULTS:            OR2_X1 cells:        1
ABC RESULTS:          XNOR2_X1 cells:       22
ABC RESULTS:           XOR2_X1 cells:       26
ABC RESULTS:           XOR2_X2 cells:        6
ABC RESULTS:        internal signals:      188
ABC RESULTS:           input signals:       65
ABC RESULTS:          output signals:       33
Removing temp directory.

8. Executing SETUNDEF pass (replace undef values with defined constants).

9. Executing SPLITNETS pass (splitting up multi-bit signals).

10. Executing OPT_CLEAN pass (remove unused cells and wires).
Finding unused cells or wires in module \adder_32..
Removed 0 unused cells and 286 unused wires.
<suppressed ~1 debug messages>

11. Executing CHECK pass (checking for obvious problems).
checking module adder_32..
found and reported 0 problems.

12. Printing statistics.

=== adder_32 ===

   Number of wires:                182
   Number of wire bits:            275
   Number of public wires:           5
   Number of public wire bits:      98
   Number of memories:               0
   Number of memory bits:            0
   Number of processes:              0
   Number of cells:                210
     INV_X1                         41
     NAND2_X1                       42
     NAND2_X2                        3
     NAND2_X4                       58
     NAND3_X1                        1
     NOR2_X1                         9
     OAI21_X2                        1
     OR2_X1                          1
     XNOR2_X1                       22
     XOR2_X1                        26
     XOR2_X2                         6

   Chip area for module '\adder_32': 300.314000

13. Executing Verilog backend.
Dumping module `\adder_32'.

Warnings: 8 unique messages, 72 total
End of script. Logfile hash: a9259441f3
CPU: user 0.56s system 0.01s, MEM: 47.55 MB total, 29.76 MB resident
Yosys 0.9 (git sha1 1979e0b)
Time spent: 18% 1x share (0 sec), 15% 2x stat (0 sec), ...
